<?xml version="1.0" encoding="UTF-8" standalone="no"?>
<testsuite failures="0" name="cucumber.runtime.formatter.JUnitFormatter" skipped="0" tests="1" time="186.764998">
<testcase classname="google web search" name="Find Sogeti's homepage using google search #2" time="186.764998">
<system-out><![CDATA[Given User has opened google homepage.......................................passed
When searching for Sogeti...................................................passed
And clicking the Sogeti link................................................passed
Then The Sogeti homepage is displayed.......................................passed
]]></system-out>
</testcase>
</testsuite>
